{"level":"error","message":"Error Status: 404, Message: GET /api/order 라우터가 없습니다.","timestamp":"2024-03-27T15:24:35.238Z"}
{"level":"info","message":"Method: GET, URL: /api/order, Status: 404, Duration: 5ms","timestamp":"2024-03-27T15:24:35.241Z"}
{"level":"error","message":"Error Status: 404, Message: GET /order 라우터가 없습니다.","timestamp":"2024-03-27T15:24:49.454Z"}
{"level":"info","message":"Method: GET, URL: /order, Status: 404, Duration: 1ms","timestamp":"2024-03-27T15:24:49.455Z"}
{"level":"error","message":"Error Status: 404, Message: GET /api/order 라우터가 없습니다.","timestamp":"2024-03-27T15:24:56.776Z"}
{"level":"info","message":"Method: GET, URL: /api/order, Status: 404, Duration: 1ms","timestamp":"2024-03-27T15:24:56.776Z"}
{"level":"error","message":"Error Status: 404, Message: GET /api/order 라우터가 없습니다.","timestamp":"2024-03-27T15:25:05.210Z"}
{"level":"info","message":"Method: GET, URL: /api/order, Status: 404, Duration: 1ms","timestamp":"2024-03-27T15:25:05.211Z"}
{"level":"error","message":"Error Status: 404, Message: GET /api/order 라우터가 없습니다.","timestamp":"2024-03-27T15:25:27.204Z"}
{"level":"info","message":"Method: GET, URL: /api/order, Status: 404, Duration: 1ms","timestamp":"2024-03-27T15:25:27.205Z"}
{"level":"error","message":"Error Status: 404, Message: GET /api/order 라우터가 없습니다.","timestamp":"2024-03-27T15:25:39.285Z"}
{"level":"info","message":"Method: GET, URL: /api/order, Status: 404, Duration: 1ms","timestamp":"2024-03-27T15:25:39.286Z"}
{"level":"error","message":"Error Status: 404, Message: GET /api/order 라우터가 없습니다.","timestamp":"2024-03-27T15:25:40.635Z"}
{"level":"info","message":"Method: GET, URL: /api/order, Status: 404, Duration: 2ms","timestamp":"2024-03-27T15:25:40.636Z"}
{"level":"error","message":"Error Status: 404, Message: GET /api/order 라우터가 없습니다.","timestamp":"2024-03-27T15:32:58.856Z"}
{"level":"info","message":"Method: GET, URL: /api/order, Status: 404, Duration: 5ms","timestamp":"2024-03-27T15:32:58.860Z"}
{"level":"error","message":"Error Status: 404, Message: GET /api/order 라우터가 없습니다.","timestamp":"2024-03-27T15:32:59.907Z"}
{"level":"info","message":"Method: GET, URL: /api/order, Status: 404, Duration: 1ms","timestamp":"2024-03-27T15:32:59.908Z"}
{"level":"info","message":"Method: GET, URL: /, Status: 400, Duration: 3ms","timestamp":"2024-03-27T15:36:57.732Z"}
{"level":"info","message":"Method: GET, URL: /, Status: 400, Duration: 3ms","timestamp":"2024-03-27T15:37:50.635Z"}
{"level":"info","message":"Method: GET, URL: /, Status: 400, Duration: 3ms","timestamp":"2024-03-27T15:37:54.865Z"}
{"level":"info","message":"Method: GET, URL: /, Status: 400, Duration: 4ms","timestamp":"2024-03-27T15:40:20.735Z"}
{"level":"info","message":"Method: GET, URL: /, Status: 400, Duration: 4ms","timestamp":"2024-03-27T15:40:38.482Z"}
{"level":"info","message":"Method: GET, URL: /, Status: 200, Duration: 104ms","timestamp":"2024-03-27T15:41:38.651Z"}
{"level":"info","message":"Method: GET, URL: /, Status: 200, Duration: 10ms","timestamp":"2024-03-27T15:42:38.485Z"}
{"level":"error","message":"Error Status: 400, Message: Expected property name or '}' in JSON at position 2","timestamp":"2024-03-27T15:44:51.388Z"}
{"level":"info","message":"Method: POST, URL: /api/order, Status: 400, Duration: 38ms","timestamp":"2024-03-27T15:44:51.389Z"}
{"level":"error","message":"Error Status: 400, Message: Expected ',' or '}' after property value in JSON at position 51","timestamp":"2024-03-27T15:46:26.909Z"}
{"level":"info","message":"Method: POST, URL: /api/order, Status: 400, Duration: 2ms","timestamp":"2024-03-27T15:46:26.910Z"}
{"level":"error","message":"Error Status: 400, Message: Expected ',' or '}' after property value in JSON at position 51","timestamp":"2024-03-27T15:47:40.491Z"}
{"level":"info","message":"Method: POST, URL: /api/order, Status: 400, Duration: 1ms","timestamp":"2024-03-27T15:47:40.492Z"}
{"level":"info","message":"Method: GET, URL: /, Status: 200, Duration: 318ms","timestamp":"2024-03-27T15:48:18.249Z"}
{"level":"info","message":"Method: POST, URL: /, Status: 400, Duration: 14ms","timestamp":"2024-03-27T15:50:11.381Z"}
{"level":"info","message":"Method: POST, URL: /, Status: 400, Duration: 10ms","timestamp":"2024-03-27T15:50:48.789Z"}
{"level":"info","message":"Method: POST, URL: /, Status: 200, Duration: 66ms","timestamp":"2024-03-27T15:51:07.907Z"}
{"level":"error","message":"Error Status: 404, Message: PUT /api/order 라우터가 없습니다.","timestamp":"2024-03-27T15:51:48.348Z"}
{"level":"info","message":"Method: PUT, URL: /api/order, Status: 404, Duration: 2ms","timestamp":"2024-03-27T15:51:48.349Z"}
{"level":"info","message":"Method: PUT, URL: /, Status: 200, Duration: 45ms","timestamp":"2024-03-27T15:52:16.585Z"}
{"level":"info","message":"Method: PUT, URL: /, Status: 200, Duration: 48ms","timestamp":"2024-03-27T15:54:30.812Z"}
{"level":"info","message":"Method: PUT, URL: /, Status: 200, Duration: 73ms","timestamp":"2024-03-27T15:55:54.624Z"}
{"level":"info","message":"Method: PUT, URL: /, Status: 200, Duration: 48ms","timestamp":"2024-03-27T15:58:00.874Z"}
{"level":"info","message":"Method: PUT, URL: /, Status: 200, Duration: 64ms","timestamp":"2024-03-27T15:58:29.043Z"}
{"level":"info","message":"Method: DELETE, URL: /, Status: 200, Duration: 50ms","timestamp":"2024-03-27T16:02:14.799Z"}
{"level":"info","message":"Method: PUT, URL: /, Status: 200, Duration: 65ms","timestamp":"2024-03-27T16:02:46.211Z"}
{"level":"info","message":"Method: PUT, URL: /, Status: 400, Duration: 52ms","timestamp":"2024-03-27T16:03:15.406Z"}
{"level":"info","message":"Method: PUT, URL: /, Status: 200, Duration: 108ms","timestamp":"2024-03-27T16:03:57.179Z"}
{"level":"info","message":"Method: DELETE, URL: /, Status: 200, Duration: 59ms","timestamp":"2024-03-27T16:04:18.342Z"}
{"level":"info","message":"Method: POST, URL: /, Status: 200, Duration: 39ms","timestamp":"2024-03-27T16:04:35.285Z"}
{"level":"info","message":"Method: POST, URL: /, Status: 200, Duration: 22ms","timestamp":"2024-03-27T16:04:36.168Z"}
{"level":"info","message":"Method: GET, URL: /, Status: 200, Duration: 15ms","timestamp":"2024-03-27T16:04:57.735Z"}
{"level":"info","message":"Method: GET, URL: /, Status: 200, Duration: 7ms","timestamp":"2024-03-27T16:04:58.452Z"}
{"level":"info","message":"Method: GET, URL: /, Status: 200, Duration: 6ms","timestamp":"2024-03-27T16:04:58.984Z"}
{"level":"info","message":"Method: GET, URL: /, Status: 200, Duration: 7ms","timestamp":"2024-03-27T16:04:59.181Z"}
{"level":"info","message":"Method: GET, URL: /, Status: 200, Duration: 6ms","timestamp":"2024-03-27T16:04:59.344Z"}
{"level":"info","message":"Method: GET, URL: /, Status: 200, Duration: 6ms","timestamp":"2024-03-27T16:04:59.634Z"}
{"level":"info","message":"Method: GET, URL: /, Status: 200, Duration: 12ms","timestamp":"2024-03-27T16:04:59.768Z"}
{"level":"info","message":"Method: GET, URL: /, Status: 200, Duration: 6ms","timestamp":"2024-03-27T16:04:59.915Z"}
{"level":"info","message":"Method: GET, URL: /, Status: 200, Duration: 6ms","timestamp":"2024-03-27T16:05:00.057Z"}
{"level":"info","message":"Method: GET, URL: /, Status: 200, Duration: 5ms","timestamp":"2024-03-27T16:05:00.211Z"}
{"level":"info","message":"Method: GET, URL: /, Status: 200, Duration: 7ms","timestamp":"2024-03-27T16:05:00.339Z"}
{"level":"info","message":"Method: GET, URL: /, Status: 200, Duration: 6ms","timestamp":"2024-03-27T16:05:00.479Z"}
{"level":"info","message":"Method: GET, URL: /, Status: 200, Duration: 6ms","timestamp":"2024-03-27T16:05:00.599Z"}
{"level":"info","message":"Method: GET, URL: /, Status: 200, Duration: 6ms","timestamp":"2024-03-27T16:05:00.747Z"}
{"level":"info","message":"Method: GET, URL: /, Status: 200, Duration: 7ms","timestamp":"2024-03-27T16:05:00.809Z"}
{"level":"info","message":"Method: GET, URL: /, Status: 200, Duration: 5ms","timestamp":"2024-03-27T16:05:00.944Z"}
{"level":"info","message":"Method: GET, URL: /, Status: 200, Duration: 6ms","timestamp":"2024-03-27T16:05:01.067Z"}
{"level":"info","message":"Method: GET, URL: /, Status: 200, Duration: 6ms","timestamp":"2024-03-27T16:05:01.209Z"}
{"level":"info","message":"Method: GET, URL: /, Status: 200, Duration: 6ms","timestamp":"2024-03-27T16:05:01.335Z"}
{"level":"info","message":"Method: GET, URL: /, Status: 200, Duration: 65ms","timestamp":"2024-03-27T16:05:16.681Z"}
{"level":"info","message":"Method: GET, URL: /, Status: 200, Duration: 47ms","timestamp":"2024-03-27T16:05:55.076Z"}
{"level":"info","message":"Method: PUT, URL: /, Status: 200, Duration: 71ms","timestamp":"2024-03-27T16:08:18.688Z"}
